----------------------------------------------------------------
Wed Nov 05 20:21:03 CET 2014:
Booting Derby version The Apache Software Foundation - Apache Derby - 10.11.1.1 - (1616546): instance a816c00e-0149-8167-2f1c-000000bbfb38 
on database directory memory:D:\Java\FiCon\fi-con-chorke\ficon\ficon-backend\testDB with class loader sun.misc.Launcher$AppClassLoader@13c5982 
Loaded from file:/C:/Users/Chorke/.m2/repository/org/apache/derby/derby/10.11.1.1/derby-10.11.1.1.jar
java.vendor=Oracle Corporation
java.runtime.version=1.7.0_07-b11
user.dir=D:\Java\FiCon\fi-con-chorke\ficon\ficon-backend
os.name=Windows 7
os.arch=x86
os.version=6.1
derby.system.home=null
Database Class Loader started - derby.database.classpath=''
----------------------------------------------------------------
Wed Nov 05 20:21:05 CET 2014:
Shutting down instance a816c00e-0149-8167-2f1c-000000bbfb38 on database directory memory:D:\Java\FiCon\fi-con-chorke\ficon\ficon-backend\testDB with class loader sun.misc.Launcher$AppClassLoader@13c5982 
----------------------------------------------------------------
Wed Nov 05 20:21:06 CET 2014:
Booting Derby version The Apache Software Foundation - Apache Derby - 10.11.1.1 - (1616546): instance 5cbe4452-0149-8167-2f1c-000000bbfb38 
on database directory memory:D:\Java\FiCon\fi-con-chorke\ficon\ficon-backend\testDB with class loader sun.misc.Launcher$AppClassLoader@13c5982 
Loaded from file:/C:/Users/Chorke/.m2/repository/org/apache/derby/derby/10.11.1.1/derby-10.11.1.1.jar
java.vendor=Oracle Corporation
java.runtime.version=1.7.0_07-b11
user.dir=D:\Java\FiCon\fi-con-chorke\ficon\ficon-backend
os.name=Windows 7
os.arch=x86
os.version=6.1
derby.system.home=null
Database Class Loader started - derby.database.classpath=''
----------------------------------------------------------------
Wed Nov 05 20:21:06 CET 2014:
Shutting down instance 5cbe4452-0149-8167-2f1c-000000bbfb38 on database directory memory:D:\Java\FiCon\fi-con-chorke\ficon\ficon-backend\testDB with class loader sun.misc.Launcher$AppClassLoader@13c5982 
----------------------------------------------------------------
Wed Nov 05 20:21:07 CET 2014:
Booting Derby version The Apache Software Foundation - Apache Derby - 10.11.1.1 - (1616546): instance 5d418604-0149-8167-2f1c-000000bbfb38 
on database directory memory:D:\Java\FiCon\fi-con-chorke\ficon\ficon-backend\testDB with class loader sun.misc.Launcher$AppClassLoader@13c5982 
Loaded from file:/C:/Users/Chorke/.m2/repository/org/apache/derby/derby/10.11.1.1/derby-10.11.1.1.jar
java.vendor=Oracle Corporation
java.runtime.version=1.7.0_07-b11
user.dir=D:\Java\FiCon\fi-con-chorke\ficon\ficon-backend
os.name=Windows 7
os.arch=x86
os.version=6.1
derby.system.home=null
Database Class Loader started - derby.database.classpath=''
----------------------------------------------------------------
Wed Nov 05 20:21:07 CET 2014:
Shutting down instance 5d418604-0149-8167-2f1c-000000bbfb38 on database directory memory:D:\Java\FiCon\fi-con-chorke\ficon\ficon-backend\testDB with class loader sun.misc.Launcher$AppClassLoader@13c5982 
